<?xml version='1.0' encoding='UTF-8'?>
<testsuite hostname="asachdeva-Precision-5540" name="com.example.cart.modules.ShoppingCartServiceSpec" tests="13" errors="0" failures="0" skipped="0" time="0.561" timestamp="2023-07-06T18:15:26">
          <properties>
[...]
</properties>
          <testcase classname="com.example.cart.modules.ShoppingCartServiceSpec" name="can add a single product to the shopping cart" time="0.37">
                      
                    </testcase><testcase classname="com.example.cart.modules.ShoppingCartServiceSpec" name="can add a list of the same products to shopping cart" time="0.015">
                      
                    </testcase><testcase classname="com.example.cart.modules.ShoppingCartServiceSpec" name="can add a list of different products to the shopping cart" time="0.065">
                      
                    </testcase><testcase classname="com.example.cart.modules.ShoppingCartServiceSpec" name="can add an empty list to the shopping cart" time="0.002">
                      
                    </testcase><testcase classname="com.example.cart.modules.ShoppingCartServiceSpec" name="can call add more than once for the correct value" time="0.018">
                      
                    </testcase><testcase classname="com.example.cart.modules.ShoppingCartServiceSpec" name="can calculate the cart subtotal for a single product" time="0.014">
                      
                    </testcase><testcase classname="com.example.cart.modules.ShoppingCartServiceSpec" name="can calculate the cart subtotal for a list of the same product" time="0.011">
                      
                    </testcase><testcase classname="com.example.cart.modules.ShoppingCartServiceSpec" name="can calculate the cart subtotal for a list of different products" time="0.025">
                      
                    </testcase><testcase classname="com.example.cart.modules.ShoppingCartServiceSpec" name="can calculate the cart subtotal for an empty cart" time="0.002">
                      
                    </testcase><testcase classname="com.example.cart.modules.ShoppingCartServiceSpec" name="can calculate the cart tax for a single product" time="0.009">
                      
                    </testcase><testcase classname="com.example.cart.modules.ShoppingCartServiceSpec" name="can calculate the cart tax for a list of the same product" time="0.008">
                      
                    </testcase><testcase classname="com.example.cart.modules.ShoppingCartServiceSpec" name="can calculate the cart tax for a list of different products" time="0.021">
                      
                    </testcase><testcase classname="com.example.cart.modules.ShoppingCartServiceSpec" name="can calculate the cart tax for an empty cart" time="0.001">
                      
                    </testcase>
          <system-out><![CDATA[]]></system-out>
          <system-err><![CDATA[]]></system-err>
        </testsuite>